[debug] [2023-08-23T10:49:15.944Z] ----------------------------------------------------------------------
[debug] [2023-08-23T10:49:15.947Z] Command:       C:\Program Files\nodejs\node.exe C:\Users\LENOVO\AppData\Roaming\npm\node_modules\firebase-tools\lib\bin\firebase.js init
[debug] [2023-08-23T10:49:15.948Z] CLI Version:   12.4.3
[debug] [2023-08-23T10:49:15.949Z] Platform:      win32
[debug] [2023-08-23T10:49:15.949Z] Node Version:  v18.12.1
[debug] [2023-08-23T10:49:15.950Z] Time:          Wed Aug 23 2023 18:49:15 GMT+0800 (Waktu Indonesia Tengah)
[debug] [2023-08-23T10:49:15.951Z] ----------------------------------------------------------------------
[debug] 
[debug] [2023-08-23T10:49:15.964Z] > command requires scopes: ["email","openid","https://www.googleapis.com/auth/cloudplatformprojects.readonly","https://www.googleapis.com/auth/firebase","https://www.googleapis.com/auth/cloud-platform"]
[debug] [2023-08-23T10:49:15.965Z] > authorizing via signed-in user (akuntumbalvic@gmail.com)
[info] 
     ######## #### ########  ######## ########     ###     ######  ########
     ##        ##  ##     ## ##       ##     ##  ##   ##  ##       ##
     ######    ##  ########  ######   ########  #########  ######  ######
     ##        ##  ##    ##  ##       ##     ## ##     ##       ## ##
     ##       #### ##     ## ######## ########  ##     ##  ######  ########

You're about to initialize a Firebase project in this directory:

  C:\Users\LENOVO\Desktop\firebase-react\firebase-course

[info] 
=== Project Setup
[info] 
[info] First, let's associate this project directory with a Firebase project.
[info] You can create multiple project aliases by running firebase use --add, 
[info] but for now we'll just set up a default project.
[info] 
[debug] [2023-08-23T10:49:39.128Z] >>> [apiv2][query] GET https://firebase.googleapis.com/v1beta1/projects pageSize=100
[debug] [2023-08-23T10:49:40.270Z] <<< [apiv2][status] GET https://firebase.googleapis.com/v1beta1/projects 200
[debug] [2023-08-23T10:49:40.270Z] <<< [apiv2][body] GET https://firebase.googleapis.com/v1beta1/projects [omitted]
[info] i  Using project fir-course-b3a8e (firebase-course) 
[info] 
=== Hosting Setup
[info] 
[info] Your public directory is the folder (relative to your project directory) that
[info] will contain Hosting assets to be uploaded with firebase deploy. If you
[info] have a build process for your assets, use your build's output directory.
[info] 
[info] +  Wrote public/404.html 
[debug] [2023-08-23T10:53:30.787Z] >>> [apiv2][query] GET https://www.gstatic.com/firebasejs/releases.json [none]
[debug] [2023-08-23T10:53:31.243Z] <<< [apiv2][status] GET https://www.gstatic.com/firebasejs/releases.json 200
[debug] [2023-08-23T10:53:31.243Z] <<< [apiv2][body] GET https://www.gstatic.com/firebasejs/releases.json {"current":{"version":"10.3.0","browserURL":"https://www.gstatic.com/firebasejs/10.3.0/firebase.js","packageURL":"https://www.gstatic.com/firebasejs/10.3.0/firebase.tgz"},"live":{"version":"10.3","browserURL":"https://www.gstatic.com/firebasejs/live/10.3/firebase.js","packageURL":"https://www.gstatic.com/firebasejs/live/10.3/firebase.tgz"},"components":{"analytics":"https://www.gstatic.com/firebasejs/10.3.0/firebase-analytics.js","app":"https://www.gstatic.com/firebasejs/10.3.0/firebase-app.js","app-check":"https://www.gstatic.com/firebasejs/10.3.0/firebase-app-check.js","auth":"https://www.gstatic.com/firebasejs/10.3.0/firebase-auth.js","auth/cordova":"https://www.gstatic.com/firebasejs/10.3.0/firebase-auth/cordova.js","functions":"https://www.gstatic.com/firebasejs/10.3.0/firebase-functions.js","firestore":"https://www.gstatic.com/firebasejs/10.3.0/firebase-firestore.js","firestore/lite":"https://www.gstatic.com/firebasejs/10.3.0/firebase-firestore/lite.js","installations":"https://www.gstatic.com/firebasejs/10.3.0/firebase-installations.js","storage":"https://www.gstatic.com/firebasejs/10.3.0/firebase-storage.js","performance":"https://www.gstatic.com/firebasejs/10.3.0/firebase-performance.js","remote-config":"https://www.gstatic.com/firebasejs/10.3.0/firebase-remote-config.js","messaging":"https://www.gstatic.com/firebasejs/10.3.0/firebase-messaging.js","messaging/sw":"https://www.gstatic.com/firebasejs/10.3.0/firebase-messaging/sw.js","database":"https://www.gstatic.com/firebasejs/10.3.0/firebase-database.js","firestore.memory":"https://www.gstatic.com/firebasejs/10.3.0/firebase-firestore.memory.js"}}
